Date: Thu Nov 9 11:01:19 CET 2017
fr -  68 , i -  0 , ind -  204 , file_name_full  /env/cns/bigtmp1/okyrgyzo/plusSpike/LSA_k33_h30/hashed_reads/SRR492197/SRR492197.10kReads.plusSpike.CH9.hashq.gz
Date: Thu Nov 9 11:01:21 CET 2017
Total time:  .001 hours
Date: Thu Nov 9 11:01:22 CET 2017
Total time:  0 hours
fr -  65 , i -  0 , ind -  195 , file_name_full  /env/cns/bigtmp1/okyrgyzo/plusSpike/LSA_k33_h30/hashed_reads/SRR492197/SRR492197.10kReads.plusSpike.CH10.hashq.gz
fr -  65 , i -  1 , ind -  196 , file_name_full  /env/cns/bigtmp1/okyrgyzo/plusSpike/LSA_k33_h30/hashed_reads/SRR492197/SRR492197.10kReads.plusSpike.CH11.hashq.gz
fr -  65 , i -  2 , ind -  197 , file_name_full  /env/cns/bigtmp1/okyrgyzo/plusSpike/LSA_k33_h30/hashed_reads/SRR492197/SRR492197.10kReads.plusSpike.CH2.hashq.gz
Date: Thu Nov 9 11:01:24 CET 2017
Total time:  .002 hours
fr -  67 , i -  0 , ind -  201 , file_name_full  /env/cns/bigtmp1/okyrgyzo/plusSpike/LSA_k33_h30/hashed_reads/SRR492197/SRR492197.10kReads.plusSpike.CH6.hashq.gz
fr -  67 , i -  1 , ind -  202 , file_name_full  /env/cns/bigtmp1/okyrgyzo/plusSpike/LSA_k33_h30/hashed_reads/SRR492197/SRR492197.10kReads.plusSpike.CH7.hashq.gz
fr -  67 , i -  2 , ind -  203 , file_name_full  /env/cns/bigtmp1/okyrgyzo/plusSpike/LSA_k33_h30/hashed_reads/SRR492197/SRR492197.10kReads.plusSpike.CH8.hashq.gz
fr -  66 , i -  0 , ind -  198 , file_name_full  /env/cns/bigtmp1/okyrgyzo/plusSpike/LSA_k33_h30/hashed_reads/SRR4fr -  31 , i -  0 , ind -  93 , file_name_full  /env/cns/bigtmp1/okyrgyzo/plusSpike/LSA_k33_h30/hashed_reads/SRR492188/SRR492188.10kReads.plusSpike.CH11.hashq.gz
fr -  31 , i -  1 , ind -  94 , file_name_full  /env/cns/bigtmp1/okyrgyzo/plusSpike/LSA_k33_h30/hashed_reads/SRR492188/SRR492188.10kReads.plusSpike.CH2.hashq.gz
fr -  31 , i -  2 , ind -  95 , file_name_full  /env/cns/bigtmp1/okyrgyzo/plusSpike/LSA_k33_h30/hashed_reads/SRR492188/SRR492188.10kReads.plusSpike.CH3.hashq.gz
gtmp1/okyrgyzo/plusSpike/LSA_k33_h30/hashed_reads/SRR492183/SRR492183.10kReads.plusSpike.CH4.hashq.gz
fr -  13 , i -  1 , ind -  40 , file_name_full  /env/cns/bigtmp1/okyrgyzo/plusSpike/LSA_k33_h30/hashed_reads/SRR492183/SRR492183.10kReads.plusSpike.CH5.hashq.gz
fr -  13 , i -  2 , ind -  41 , file_name_full  /env/cns/bigtmp1/okyrgyzo/plusSpike/LSA_k33_h30/hashed_reads/SRR492183/SRR492183.10kReads.plusSpike.CH6.hashq.gz
fr -  7 , i -  0 , ind -  21 , file_name_full  /env/cns/bigtmp1/okyrgyzo/plusSpike/LSA_k33_h30/hashed_reads/SRR492066/SRR492066.10kReads.plusSpike.CH8.hashq.gz
fr -  7 , i -  1 , ind -  22 , file_name_full  /env/cns/bigtmp1/okyrgyzo/plusSpike/LSA_k33_h30/hashed_reads/SRR492066/SRR492066.10kReads.plusSpike.CH9.hashq.gz
fr -  7 , i -  2 , ind -  23 , file_name_full  /env/cns/bigtmp1/okyrgyzo/plusSpike/LSA_k33_h30/hashed_reads/SRR492182/SRR492182.10kReads.plusSpike.CH0.hashq.gz
Date: Thu Nov 9 11:01:24 CET 2017
Total time:  .002 hours
Date: Thu Nov 9 11:01:24 CET 2017
Date: Thu Nov 9 11:01:24 CET 2017
Total time:  .002 hours
Date: Thu Nov 9 11:01:25 CET 2017
Total time:  .002 hours
fr -  15 , i -  0 , ind -  45 , file_name_full  /env/cns/bigtmp1/okyrgyzo/plusSpikfr -  36 , i -  0 , ind -  108 , file_name_full  /env/cns/bigtmp1/okyrgyzo/plusSpike/LSA_k33_h30/hashed_reads/SRR492189/SRR492189.10kReads.plusSpike.CH4.hashq.gz
fr -  36 , i -  1 , ind -  109 , file_name_full  /env/cns/bigtmp1/okyrgyzo/plusSpike/LSA_k33_h30/hashed_reads/SRR492189/SRR492189.10kReads.plusSpike.CH5.hashq.gz
fr -  36 , i -  2 , ind -  110 , file_name_full  /env/cns/bigtmp1/okyrgyzo/plfr -  8 , i -  0 , ind -  24 , file_name_full  /env/cns/bigtmp1/okyrgyzo/plusSpike/LSfr -  25 , i -  0 , ind -  75 , file_name_full  /env/cns/bigtmp1/okyrgyzo/plusSpike/LSA_k33_h30/hashed_reads/SRR492186/SRR492186.10kReads.plusSpike.CH7.hashq.gz
fr -  25 , i -  1 , ind -  76 , file_name_full  /env/cns/bigtmp1/okyrgyzo/plusSpike/LSA_k33_h30/hashed_reads/SRR492186/SRR492186.10kReads.plusSpike.CH8.hashq.gz
fr -  25 , i -  2 , ind -  77 , file_name_full  /env/cns/bigtmp1/okyrgyzo/plusSpike/LSA_k33_h30/hashed_reads/SRR492186/SRR492186.10kReads.plusSpike.CH9.hashq.gz
rs
Date: Thu Nov 9 11:01:25 CET 2017
Total time:  .002 hours
fr -  11 , i -  0 , ind fr -  58 , i -  0 , ind -  174 , file_name_full  /env/cns/bigtmp1/okyrgyzo/plusSpike/LSA_k33_h30/hashed_reads/SRR492195/SRR492195.10kReads.plusSpike.CH10.hashq.gz
fr -  58 , i -  1 , ind -  175 , file_name_full  /env/cns/bigtmp1/okyrgyzo/plusSpike/LSA_k33_h30/hashed_reads/SRR492195/SRR492195.10kReads.plusSpike.CH2.hashq.gz
fr -  58 , i -  2 , ind -  176 , file_name_full  /env/cns/bigtmp1/okyrgyzo/plusSpike/LSA_k33_h30/hashed_reads/SRR492195/SRR492195.10kReadfr -  43 , i -  0 , ind fr -  24 , i -  0 , ind -  72 , file_name_full  /env/cns/bigtmp1/okyrgyzo/plusSpike/LSA_k33_h30/hashed_reads/SRR492186/SRR492186.10kReads.plusSpike.CH4.hashq.gz
fr -  24 , i fr -  19 , i -  0 , ind -  57 , file_name_full  /env/cns/bigtmp1/okyrgyzo/plusSpike/LSA_k33_h30/hashed_reads/SRR492185/SRR492185.10kReads.plusSpike.CH10.hashq.gz
fr -  19 , i -  1 , ind -  58 , file_name_full  /env/cns/bigtmp1/okyrgyzo/plusSpike/LSA_k33_h30/hashed_reads/SRR492185/SRR492185.10kReads.plusSpike.CH2.hashq.gz
fr -  19 , i -  2 , ind -  59 , file_name_full  /env/cns/bigtmp1/okyrgyzo/plusSpike/LSA_k33_h30/hashed_reads/SRR492185/SRR492185.10kReads.plusSpike.CH3.hashq.gz
, i -  1 , ind -  172 , file_name_full  /env/cns/bigtmp1/okyrgyzo/plusSpike/LSA_k33_h30/hashed_reads/SRR492195/SRR492195.10kReads.plusSpike.CH0.hashq.gz
fr -  57 , i -  2 , ind -  173 , file_name_full  /env/cns/bigtmp1/okyrgyzo/plusSpike/LSA_k33_h30/hashed_reads/SRR492195/SRR492195.10kReads.plusSpike.CH1.hashq.gz
fr -  61 , i -  0 , ind -  183 , file_name_full  /env/cns/bigtmp1/okyrgyzo/plusSpike/LSA_k33_h30/hashed_reads/SRR492196/SRR492196.10kReads.plusSpike.CH0.hashq.gz
fr -  61 , i -  1 , ind -  184 , file_name_full  /env/cns/bigtmp1/okyrgyzo/plusSpike/LSA_k33_h30/hashed_reads/SRR492196/SRR492196.10kReads.plusSpike.CH1.hashq.gz
fr -  61 , i -  2 , ind -  185 , file_name_full  /env/cns/bigtmp1/okyrgyzo/plusSpike/LSA_k33_h30/hashed_reads/SRR492196/SRR492196.10kReads.plusSpike.CH2.hashq.gz
30/hashed_reads/SRR492189/SRR492189.10kReads.plusSpike.CH2.hashq.gz
fr -  35 , i -  2 , ind -  107 , file_name_full  /env/cns/bigtmp1/okyrgyzo/plusSpike/LSA_k33_h30/hashed_reads/SRR492189/SRR492189.10kReads.plusSpike.CH3.hashq.gz
Total time:  .002 hours
fr -  28 , i -  0 , ind fr -  52 , i -  0 , ind -  156 , file_name_full  /env/cns/fr -  17 , i -  0 , ind -  51 , file_name_full  /env/cns/bigtmp1/okyrgyzo/plusSpike/LSA_k33_h30/hashed_reads/SRR492184/SRR492184.10kReads.plusSpike.CH6.hashq.gz
fr -  17 , i -  1 , ind -  52 , file_name_full  /env/cns/bigtmp1/okyrgyzo/plusSpike/LSA_k33_h30/hashed_reads/SRR492184/SRR492184.10kReads.plusSpike.CH7.hashq.gz
fr -  17 , i -  2 , ind -  53 , file_name_full  /env/cns/bigtmp1/okyrgyzo/plusSpike/LSA_k33_h30/hashed_reads/SRR492184/SRR492184.10kReads.plusSpike.CH8.hashq.gz
fr -  18 , i -  0 , ind -  54 , file_name_full  /env/cns/bigtmp1/okyrgyzo/plusSpike/LSA_k33_h30/hashed_reads/SRR492184/SRR492184.10kReads.plusSpike.CH9.hashq.gz
fr -  18 , i -  1 , ind -  55 , file_name_full  /env/cns/bigtmp1/okyrgyzo/plusSpike/LSA_k33_h30/hashed_reads/SRR492185/SRR492185.10kReads.plusSpike.CH0.hashq.gz
fr -  18 , i -  2 , ind -  56 , file_name_full  /env/cns/bigtmp1/okyrgyzo/plusSpike/LSA_k33_h30/hashed_reads/SRR492185/SRR492185.10kReads.plusSpike.CH1.hashq.gz
5 CET 2017
Total time:  .002 hours
fr -  54 , i -  0 , ind -  162 , file_name_full  /env/cns/bigtmp1/okyrgyzo/plusSpike/LSA_k33_h30/hashed_reads/SRR492194/SRR492194.10kReads.plusSpike.CH0.hashq.gz
fr -  54 , i -  1 , ind -  163 , file_name_full  /env/cns/bigtmp1/okyrgyzo/plusSpike/LSA_k33_h30/hashed_reads/SRR492194/SRR492194.10kReads.plusSpike.CH1.hashq.gz
fr -  54 , i -  2 , ind -  164 , file_name_full  /env/cns/bigtmp1/okyrgyzo/plusSpike/LSA_k33_h30/hashed_reads/SRR492194/SRR492194.10kReads.plusSpike.CH2.hashq.gz
reads/SRR492196/SRR492196.10kReads.plusSpike.CH8.hashq.gz
fr -  60 , i -  0 , ind -  180 , file_name_full  /env/cns/bigtmp1/okyrgyzo/plusSpike/LSA_k33_h30/hashed_reads/SRR492195/SRR492195.10kReads.plusSpike.CH7.hashq.gz
fr -  60 , i -  1 , ind -  181 , file_name_full  /env/cns/bigtmp1/okyrgyzo/plusSpike/LSA_k33_h30/hashed_reads/SRR492195/SRR492195.10kReads.plusSpike.CH8.hashq.gz
fr -  60 , i -  2 , ind -  182 , file_name_full  /env/cns/bigtmp1/okyrgyzo/plusSpike/LSA_k33_h30/hashed_reads/SRR492195/SRR492195.10kReads.plusSpike.CH9.hashq.gz
Date: Thu Nov 9 11:01:25 CET 2017
Total time:  .002 hours
fr -  34 , i -  0 , ind -  102 , file_name_full  /env/cns/fr -  16 , i -  0 , ind -  48 , file_name_full  /env/cns/bigtmp1/okyrgyzo/plusSpike/LSA_k33_h30/hashed_reads/SRR492184/SRR492184.10kReads.plusSpike.CH3.hashq.gz
fr -  16 , i -  1 , ind -  49 , file_name_full  /env/cns/bigtmp1/okyrgyzo/plusSpike/LSA_k33_h30/hashed_reads/SRR492184/SRR492184.10kReads.plusSpike.CH4.hashq.gz
fr -  16 , i -  2 , ind -  50 , file_name_full  /env/cns/bigtmp1/okyrgyzo/plusSpike/LSA_k33_h30/hashed_reads/SRR492184/SRR492184.10kReads.plusSpike.CH5.hashq.gz
fulDate: Thu Nov 9 11:01:25 CET 2017
pike/LSA_k33_h30/hashed_reads/SRR492191/SRR492191.10kReads.plusSpike.CH10.hashq.gz
Date: Thu Nov 9 11:01:25 CET 2017
Total time:  .002 hours
fr -  50 , i -  0 , ind -  150 , file_name_full  /env/cns/bigtmp1/okyrgyzo/plusSpifr -  55 , i -  0 , ind -  165 , file_name_full  /env/cns/bigtmp1/okyrgyzo/plusSpike/LSA_k33_h30/hashed_reads/SRR492194/SRR492194.10kReads.plusSpike.CH3.hashq.gz
fr -  55 , i -  1 , ind -  166 , file_name_full  /env/cns/bigtmp1/okyrgyzo/plusSpike/LSA_k33_h30/hashed_reads/SRR492194/SRR492194.10kReads.plusSpike.CH4.hashq.gz
fr -  55 , i -  2 , ind -  167 , file_name_full  /env/cns/bigtmp1/okyrgyzo/plusSpike/LSA_k33_h30/hashed_reads/SRR492194/SRR492194.10kReads.plusSpike.CH5.hashq.gz
te: Thu Nov 9 11:01:26 CET 2017
Total time:  .002 hours
Date: Thu Nov 9 11:01:26 CET 2017
Total time:  .002 hours
Date: Thu Nov 9 11:01:26 CET 2017
Total time:  .002 hours
fr -  22 , i -  0 , ind -  66 , file_name_full  /env/cns/bigtmp1/okyrgyzo/plusSpike/LSA_k33_h30/hashed_reads/SRR492186/SRR492186.10kReads.plusSpike.CH0.hashq.gz
fr -  22 , i -  1 , ind -  67 , file_name_full  /env/cns/bigtmp1/okyrgyzo/plusSpike/LSA_k33_h30/hashed_reads/SRR492186/SRR492186.10kReads.plusSpike.CH1.hashq.gz
fr -  22 , i -  2 , ind -  68 , file_name_full  /env/cns/bigtmp1/okyrgyzo/plusSpike/LSA_k33_h30/hashed_reads/SRR492186/SRR492186.10kReads.plusSpike.CH10.hashq.gz
ed_reads/SRR492193/SRR492193.10kReads.plusSpike.CH3.hashq.gz
fr -  30 , i -  0 , ind -  90 , file_name_full  /env/cns/bigtmp1/okyrgyzo/plusSpike/LSA_k33_h30/hashed_reads/SRR492188/SRR492188.10kReads.plusSpike.CH0.hashq.gz
fr -  30 , i -  1 , ind -  91 , file_name_full  /env/cns/bigtmp1/okyrgyzo/plusSpike/LSA_k33_h30/hashed_reads/SRR492188/SRR492188.10kReads.plusSpike.CH1.hashq.gz
fr -  30 , i -  2 , ind -  92 , file_name_full  /env/cns/bigtmp1/okyrgyzo/plusSpike/LSA_k33_h30/hashed_reads/SRR492188/SRR492188.10kReads.plusSpike.CH10.hashq.gz
fr -  32 , i -  0 , ind -  96 , file_name_full  /env/cns/bigtmp1/okyrgyzo/plusSpike/LSA_k33_h30/hashed_reads/SRR492188/SRR492188.10kReads.plusSpike.CH4.hashq.gz
fr -  32 , i -  1 , ind -  97 , file_name_full  /env/cns/bigtmp1/okyrgyzo/plusSpike/LSA_k33_h30/hashed_reads/SRR492188/SRR492188.10kReads.plusSpike.CH5.hashq.gz
fr -  32 , i -  2 , ind -  98 , file_name_full  /env/cns/bigtmp1/okyrgyzo/plusSpike/LSA_k33_h30/hashed_reads/SRR492188/SRR492188.10kReads.plusSpike.CH6.hashq.gz
/cns/bigtmp1/okyrgyzo/plusSpike/LSA_k33_h30/hashed_reads/SRR492182/SRR492182.10kReads.plusSpike.CH6.hashq.gz
Date: Thu Nov 9 11:01:26 CET 2017
Total time:  .002 hours
fr -  1 , i -  0 , ind -  3 , file_name_full  /env/cns/bigtmp1/okyrgyzo/plusSpike/LSA_k33_h30/hashed_reads/SRR492065/SRR492065.10kReads.plusSpike.CH11.hashq.gz
fr -  1 , i -  1 , ind -  4 , file_name_full  /env/cns/bigtmp1/okyrgyzo/plusSpike/LSA_k33_h30/hashed_reads/SRR492065/SRR492065.10kReads.plusSpike.CH2.hashq.gz
fr -  1 , i -  2 , ind -  5 , file_name_full  /env/cns/bigtmp1/okyrgyzo/plusSpike/LSA_k33_h30/hashed_reads/SRR492065/SRR492065.10kReads.plusSpike.CH3.hashq.gz
/hashed_reads/SRR492190/SRR492190.10kReads.plusSpike.CH10.hashqfr -  10 , i -  0 , ind -  30 , file_name_full  /env/cns/bigtmp1/okyfr -  56 , i -  0 , ind -  168 , file_name_full  /env/cns/bigtmp1/okyrgyzo/plusSpike/LSA_k33_h30/hashed_reads/SRR492194/SRR492194.10kReads.plusSpike.CH6.hashq.gz
fr -  56 , i -  1 , ind -  169 , file_name_full  /env/cns/bigtmp1/okyrgyzo/plusSpike/LSA_k33_h30/hashed_reads/SRR492194/SRR492194.10kReads.plusSpike.CH7.hashq.gz
fr -  56 , i -  2 , ind -  170 , file_name_full  /env/cns/bigtmp1/okyrgyzo/plusSpike/LSA_k33_h30/hashed_reads/SRR492194/SRR492194.10kReads.plusSpike.CH8.hashq.gz
 9 11:01:26 CET 2017
Date: Thu Nov 9 11:01:26 CET 2017
Total time:  .002 hours
Total time:  .002 hours
fr -  33 , i -  0 , ind -  99 , file_name_full  /env/cns/bigtmp1/okyrgyzo/plusSpike/LSA_k33_h30/hashed_reads/SRR492188/SRR492188.10kReads.plusSpike.CH7.hashq.gz
fr -  33 , i -  1 , ind -  100 , file_name_full  /env/cns/bigtmp1/okyrgyzo/plusSpike/LSA_k33_h30/hashed_reads/SRR492188/SRR492188.10kReads.plusSpike.CH8.hashq.gz
fr -  33 , i -  2 , ind -  101 , file_name_full  /env/cns/bigtmp1/okyrgyzo/plusSpike/LSA_k33_h30/hashed_reads/SRR492188/SRR492188.10kReads.plusSpike.CH9.hashq.gz
lusSpike.CH9.hashq.gz
1:26 CET 2017
Total time:  .002 hours
fr -  39 , i -  0 , ind -  117 , file_name_full  /env/cns/bigtmp1/okyrgyzo/plusSpike/LSA_k33_h30/hashed_reads/SRR492fr -  4 , i -  0 , ind -  12 , file_name_full  /env/cns/bigtmp1/okyrgyzo/plusSpike/LSA_k33_h30/hashed_reads/SRR492066/SRR492066.10kReads.plusSpike.CH0.hashq.gz
fr -  4 , i -  1 , ind -  13 , file_name_full  /env/cns/bigtmp1/okyrgyzo/plusSpike/LSA_k33_h30/hashed_reads/SRR492066/SRR492066.10kReads.plusSpike.CH1.hashq.gz
fr -  4 , i -  2 , ind -  14 , file_name_full  /env/cns/bigtmp1/okyrgyzo/plusSpike/LSA_k33_h30/hashed_reads/SRR492066/SRR492066.10kReads.plusSpike.CH10.hashq.gz
SRR492192/SRR492192.10kReads.plusSpike.CH7.hashq.gz
fr -  49 , i -  1 , ind -  148 , file_name_full  /env/cns/bigtmp1/okyrgyzo/plusSpike/LSA_k33_h30/hashed_reads/SRR492192/SRR492192.10kReads.plusSpike.CH8.hashq.gz
fr -  49 , i -  2 , ind -  149 , file_name_full  /env/cns/bigtmp1/okyrgyzo/plusSpike/LSA_k33_h30/hashed_reads/SRR492192/SRR492192.10kReads.plusSpike.CH9.hashq.gz
fr -  40 , i -  0 , ind -  120 , file_name_full  /env/cns/bigtmp1/okyrgyzo/plusSpike/LSA_k33_h30/hashed_reads/SRR492190/SRR492190.10kReads.plusSpike.CH4.hashq.gz
fr -  40 , i -  1 , ind -  121 , file_name_full  /env/cns/bigtmp1/okyrgyzo/plusSpike/LSA_k33_h30/hashed_reads/SRR492190/SRR492190.10kReads.plusSpike.CH5.hashq.gz
fr -  40 , i -  2 , ind -  122 , file_name_full  /env/cns/bigtmp1/okyrgyzo/plusSpike/LSA_k33_h30/hashed_reads/SRR492190/SRR492190.10kReads.plusSpike.CH6.hashq.gz
Date: Thu Nov 9 11:01:27 CET 2017
Total time:  .003 hours
fr -  41 , i -  0 , ind -  123 , file_name_full  /env/cns/bigtmp1/okyrgyzo/plusSpike/LSA_k33_h30/hashed_reads/SRR492190/SRR492190.10kReads.plusSpike.CH7.hashq.gz
fr -  41 , i -  1 , ind -  124 , file_name_full  /env/cns/bigtmp1/okyrgyzo/plusSpike/LSA_k33_h30/hashed_reads/SRR492190/SRR492190.10kReads.plusSpike.CH8.hashq.gz
fr -  41 , i -  2 , ind -  125 , file_name_full  /env/cns/bigtmp1/okyrgyzo/plusSpike/LSA_k33_h30/hashed_reads/SRR492190/SRR492190.10kReads.plusSpike.CH9.hashq.gz
fr -  48 , i -  0 , ind -  144 , file_name_full  /env/cns/bigtmp1/okyrgyzo/plusSpike/LSA_k33_h30/hashed_reads/SRR492192/SRR492192.10kReads.plusSpike.CH4.hashq.gz
fr -  48 , i -  1 , ind -  145 , file_name_full  /env/cns/bigtmp1/okyrgyzo/plusSpike/LSA_k33_h30/hashed_reads/SRR492192/SRR492192.10kReads.plusSpike.CH5.hashq.gz
fr -  48 , i -  2 , ind -  146 , file_name_full  /env/cns/bigtmp1/okyrgyzo/plusSpike/LSA_k33_h30/hashed_reads/SRR492192/SRR492192.10kReads.plusSpike.CH6.hashq.gz
Date: Thu Nov 9 11:01:27 CET 2017
Total time:  .003 hours
Date: Thu Nov 9 11:01:27 CET 2017
Total time:  .003 hours
fr -  0 , i -  0 , ind -  0 , file_name_full  /env/cns/bigtmp1/okyrgyzo/plusSpike/LSA_k33_h30/hashed_reads/SRR492065/SRR492065.10kReads.plusSpike.CH0.hashq.gz
fr -  0 , i -  1 , ind -  1 , file_name_full  /env/cns/bigtmp1/okyrgyzo/plusSpike/LSA_k33_h30/hashed_reads/SRR492065/SRR492065.10kReads.plusSpike.CH1.hashq.gz
fr -  0 , i -  2 , ind -  2 , file_name_full  /env/cns/bigtmp1/okyrgyzo/plusSpike/LSA_k33_h30/hashed_reads/SRR492065/SRR492065.10kReads.plusSpike.CH10.hashq.gz
Date: Thu Nov 9 11:01:27 CET 2017
Total time:  .003 hours
fr -  2 , i -  0 , ind -  6 , file_name_full  /env/cns/bigtmp1/okyrgyzo/plusSpike/LSA_k33_h30/hashed_reads/SRR492065/SRR492065.10kReads.plusSpike.CH4.hashq.gz
fr -  2 , i -  1 , ind -  7 , file_name_full  /env/cns/bigtmp1/okyrgyzo/plusSpike/LSA_k33_h30/hashed_reads/SRR492065/SRR492065.10kReads.plusSpike.CH5.hashq.gz
fr -  2 , i -  2 , ind -  8 , file_name_full  /env/cns/bigtmp1/okyrgyzo/plusSpike/LSA_k33_h30/hashed_reads/SRR492065/SRR492065.10kReads.plusSpike.CH6.hashq.gz
Date: Thu Nov 9 11:01:28 CET 2017
Total time:  .003 hours
fr -  3 , i -  0 , ind -  9 , file_name_full  /env/cns/bigtmp1/okyrgyzo/plusSpike/LSA_k33_h30/hashed_reads/SRR492065/SRR492065.10kReads.plusSpike.CH7.hashq.gz
fr -  3 , i -  1 , ind -  10 , file_name_full  /env/cns/bigtmp1/okyrgyzo/plusSpike/LSA_k33_h30/hashed_reads/SRR492065/SRR492065.10kReads.plusSpike.CH8.hashq.gz
fr -  3 , i -  2 , ind -  11 , file_name_full  /env/cns/bigtmp1/okyrgyzo/plusSpike/LSA_k33_h30/hashed_reads/SRR492065/SRR492065.10kReads.plusSpike.CH9.hashq.gz
Date: Thu Nov 9 11:01:28 CET 2017
Total time:  .003 hours
