Date: Thu Nov 9 10:58:26 CET 2017
68 0 204 0.2407310009 /env/cns/proj/ADAM/scratch/Data/SpikeTestData/chunked/SRR492197/SRR492197.10kReads.plusSpike.CH9.fastq
/env/cns/bigtmp1/okyrgyzo/plusSpike/LSA_k33_h43 0 129 0.273308038712 /env/cns/proj/ADAM/scratch/Data/SpikeTestData/chunked/SRR492191/SRR492191.10kReads.plusSpike.CH11.fastq
43 1 130 0.257169008255 /env/cns/proj/ADAM/scratch/Data/SpikeTestData/chunked/SRR492191/SRR492191.10kReads.plusSpike.CH2.fastq
43 2 131 0.252295017242 /env/cns/proj/ADAM/scratch/Data/SpikeTestData/chunked/SRR492191/SRR492191.10kReads.plusSpike.CH3.fastq
/env/cns/bigtmp1/okyrgyzo/plusSpike/LSA_k33_h30/hashed_reads/SRR492191/DICT/SRR492191.43
eTestData/chunked/SRR492197/SRR492197.10kReads.plusSpike.CH2.fastq
/env/cns/bigtmp1/okyrgyzo/plusSpike/LSA_k33_h30/hashed_reads/SRR492197/DICT/SRR492197.65
Date: Thu Nov 9 10:58:27 CET 2017
Total time:  0 hours
58 0 174 0.28678894043 /env/cns/proj/ADAM/scratch/Data/SpikeTestData/chunked/SRR492195/SRR492195.10kReads.plusSpike.CH10.fastq
58 1 175 0.274828910828 /env/cns/proj/ADAM/scratch/Data/SpikeTestData/chunked/SRR492195/SRR492195.10kReads.plusSpike.CH2.fastq
58 2 176 0.271471977234 /env/cns/proj/ADAM/scratch/Data/SpikeTestData/chunked/SRR492195/SRR492195.10kReads.plusSpike.CH3.fastq
/env/cns/bigtmp1/okyrgyzo/plusSpike/LSA_k33_h30/hashed_reads/SRR492195/DICT/SRR492195.58
e: Thu Nov 9 10:58:27 CET 2017
Total time:  0 hours
23 0 69 0.265583992004 /env/cns/proj/ADAM/scratch/Data/67 0 201 0.261360883713 /env/cns/proj/ADAM/scratch/Data/SpikeTestData/chunked/SRR492197/SRR492197.10kReads.plusSpike.CH6.fastq
67 1 202 0.255449056625 /env/cns/proj/ADAM/scratch/Data/SpikeTestData/chunked/SRR492197/SRR492197.10kReads.plusSpike.CH7.fastq
67 2 203 0.248975992203 /env/cns/proj/ADAM/scratch/Data/SpikeTestData/chunked/SRR492197/SRR492197.10kReads.plusSpike.CH8.fastq
/env/cns/bigtmp1/okyrgyzo/plusSpike/LSA_k33_h30/hashed_reads/SRR492197/DICT/SRR492197.67
s/bigtmp1/okyrgyzo/plusSpike/LSA_k33_h30/hashed_reads/SRR492182/DICT/SRR492182.7
Date: Thu Nov 9 10:58:27 CET 2017
Total time:  0 hours
12 0 36 0.211307048798 /env/cns/proj/ADAM/scratch/Data/SpikeTestData/chunked/SRR492183/SRR492183.10kReads.plusSpike.CH11.fastq
12 1 37 0.230010032654 /env/cns/proj/ADAM/scratch/Data/SpikeTestData/chunked/SRR492183/SRR492183.10kReads.plusSpike.CH2.fastq
12 2 38 0.224208116531 /env/cns/proj/ADAM/scratch/Data/SpikeTestData/chunked/SRR492183/SRR492183.10kReads.plusSpike.CH3.fastq
/env/cns/bigtmp1/okyrgyzo/plusSpike/LSA_k33_h30/hashed_reads/SRR492183/DICT/SRR492183.12
ike/LSA_k33_h30/hashed_reads/SRR492189/DICT/SRR492189.37
Date: Thu Nov 9 10:58:27 CET 2017
Total time:  0 hours
34 0 102 0.254267930984 /env/cns/proj/ADAM/scratch/Data/SpikeTestData/chunked/SRR492189/SRR492189.10kReads.plusSpike.CH0.fastq
34 1 103 0.291903018951 /env/cns/proj/ADAM/scratch/Data/SpikeTestData/chunked/SRR492189/SRR492189.10kReads.plusSpike.CH1.fastq
34 2 104 0.356599092484 /env/cns/proj/ADAM/scratch/Data/SpikeTestData/chunked/SRR492189/SRR492189.10kReads.plusSpike.CH10.fastq
/env/cns/bigtmp1/okyrgyzo/plusSpike/LSA_k33_h30/hashed_reads/SRR492189/DICT/SRR492189.34
SA_k33_h30/hashed_reads/SRR492183/DICT/SRR492183.11
Date: Thu Nov 9 10:58:27 CET 2017
Total time:  0 hours
8 0 24 0.252264976501 /env/cns/proj/ADAM/scratch/Data/S64 0 192 0.282874107361 /env/cns/proj/ADAM/scratch/Data31 0 93 0.130969047546 /env/cns/proj/ADAM/scratch/Data/SpikeTestData/chunked/SRR492188/SRR492188.10kReads.plusSpike.CH11.fastq
31 1 94 0.312829017639 /env/cns/proj/ADAM/scratch/Data/SpikeTestData/chunked/SRR492188/SRR492188.10kReads.plusSpike.CH2.fastq
31 2 95 0.309828996658 /env/cns/proj/ADAM/scratch/Data/SpikeTestData/chunked/SRR492188/SRR492188.10kReads.plusSpike.CH3.fastq
/env/cns/bigtmp1/okyrgyzo/plusSpike/LSA_k33_h30/hashed_reads/SRR492188/DICT/SRR492188.31
estData/chunked/SRR492183/SRR492183.10kReads.plusSpike.CH4.fastq
13 1 40 0.232169866562 /en57 0 171 0.3389980793 /env/cns/proj/ADAM/scratch/Data/SpikeTestData/chunked/SRR492194/SRR492194.10kReads.plusSpike.CH9.fastq
57 1 172 0.271463155746 /env/cns/proj/ADAM/scratch/Data/SpikeTestData/chunked/SRR492195/SRR492195.10kReads.plusSpike.CH0.fastq
/env/cns/bigtmp1/okyrgyzo/plusSpike/LSA_k33_h30/hashed_reads/SRR492194/DICT/SRR492194.57
57 2 173 0.296173095703 /env/14 0 42 0.232616186142 /env/cns/proj/ADAM/scratch/Data/SpikeTestData/chunked/SRR492183/SRR492183.10kReads.plusSpike.CH7.fastq
14 1 43 0.240680217743 /env/cns/proj/ADAM/scratch/Data/SpikeTestData/chunked/SRR492183/SRR492183.10kReads.plusSpike.CH8.fastq
14 2 44 0.237411975861 /env/cns/proj/ADAM/scr35 0 105 0.296713829041 /env/cns/proj/ADAM/scratch/Data/SpikeTestData/chunked/SRR492189/SRR492189.10kReads.plusSpike.CH11.fastq
35 1 106 0.295916080475 /env/cns/proj/ADAM/scratch/Data/SpikeTestData/chunked/SRR492189/SRR492189.10kReads.plusSpike.CH2.fastq
35 2 107 0.279712915421 /env/cns/proj/ADAM/scratch/Data/SpikeTestData/chunked/SRR492189/SRR492189.10kReads.plusSpike.CH3.fastq
/env/cns/bigtmp1/okyrgyzo/plusSpike/LSA_k33_h30/hashed_reads/SRR492189/DICT/SRR492189.35
otal time:  0 hours
56 /env/cns/proj/ADAM/scratch/Data/SpikeTestData/chunked/SRR492196/SRR492196.10kReads.plusSpike.CH3.fastq
62 1 187 0.287206172943 /env/cns/proj/ADAM/scratch/Data/SpikeTestData/chunked/SRR492196/SRR492196.10kReads.plusSpike.CH4.fastq
62 2 188 0.298837900162 /env/cns/proj/ADAM/scratch/Data/SpikeTestData/chunked/SRR492196/SRR492196.10kReads.plusSpike.CH5.fastq
/env/cns/bigtmp1/okyrgyzo/plusSpike/LSA_k33_h30/hashed_reads/SRR492196/DICT/SRR492196.62
47 0 141 0.165621995926 /env/cns/proj/ADAM/scratch/Data/SpikeTestData/chunked/SRR492192/SRR492192.10kReads.plusSpike.CH11.fastq
47 1 142 0.325523138046 /env/cns/proj/ADAM/scratch/Data/SpikeTestData/chunked/SRR492192/SRR492192.10kReads.plusSpike.CH2.fastq
47 2 143 0.329230070114 /env/cns/proj/ADAM/scratch/Data/SpikeTestData/chunked/SRR492192/SRR492192.10kReads.plusSpike.CH3.fastq
/env/cns/bigtmp1/okyrgyzo/plusSpike/LSA_k33_h30/hashed_reads/SRR492192/DICT/SRR492192.47
kReads.plusSpike.CH6.fastq
/env/cns/bigtmp1/okyrgyzo/plusSpike/LSA_k33_h30/hashed_reads/SRR492182/DICT/SRR492182.9
000763 /env/cns/proj/ADAM/scratch/Data/SpikeTestData/chunked/SRR492195/SRR492195.10kReads.plusSpike.CH7.fastq
60 1 181 0.296174049377 /env/cns/proj/ADAM/scratch/Data/SpikeTestData/chunked/SRR492195/SRR492195.10kReads.plusSpike.CH8.fastq
60 2 182 0.286397218704 /env/cns/proj/ADAM/scratch/Data/SpikeTestData/chunked/SRR492195/SRR492195.10kReads.plusSpike.CH9.fastq
/env/cns/bigtmp1/okyrgyzo/plusSpike/LSA_k33_h30/hashed_reads/SRR492195/DICT/SRR492195.60
SA_k33_h30/hashed_reads/SRR492186/DICT/SRR492186.25
Total time:  0 hours
Date: Thu Nov 9 10:58:27 CET 2017
Total time:  0 hours
36 0 108 0.272411108017 /env/cns/proj/ADAM/scratch/Data/SpikeTestData/chunked/SRR492189/SRR492189.10kReads.plusSpike.CH4.fastq
36 1 109 0.285799980164 /env/cns/proj/ADAM/scratch/Data/SpikeTestData/chunked/SRR492189/SRR492189.10kReads.plusSpike.CH5.fastq
36 2 110 0.260833978653 /env/cns/proj/ADAM/scratch/Data/SpikeTestData/chunked/SRR492189/SRR492189.10kReads.plusSpike.CH6.fastq
/env/cns/bigtmp1/okyrgyzo/plusSpike/LSA_k33_h30/hashed_reads/SRR492189/DICT/SRR492189.36
e/LSA_k33_h30/hashed_reads/SRR492195/DICT/SRR492195.59
Date: Thu Nov 9 10:58:27 CET 2017
Total time:  0 hours
66 0 198 0.248939037330 0 90 0.276852846146 /env/cns/proj/ADAM/scratch/Data/SpikeTestData/chunked/SRR492188/SRR492188.10kReads.plusSpike.CH0.fastq
30 1 91 0.325778961182 /env/cns/proj/ADAM/scratch/Data/SpikeTestData/chunked/SRR492188/SRR492188.10kReads.plusSpike.CH1.fastq
30 2 92 0.345413923264 /env/cns/proj/ADAM/scratch/Data/SpikeTestData/chunked/SRR492188/SRR492188.10kReads.plusSpike.CH10.fastq
/env/cns/bigtmp1/okyrgyzo/plusSpike/LSA_k33_h30/hashed_reads/SRR492188/DICT/SRR492188.30
9995 /env/cns/proj/ADAM/scratch/Data/SpikeTestData/chunked/SRR492194/SRR492194.10kReads.plusSpike.CH6.fastq
56 1 169 0.330892086029 /env/cns/proj/ADAM/scratch/Data/SpikeTestData/chunked/SRR492194/SRR492194.10kReads.plusSpike.CH7.fastq
56 2 170 0.347494840622 /env/cns/proj/ADAM/scratch/Data/SpikeTestData/chunked/SRR492194/SRR492194.10kReads.plusSpike.CH8.fastq
/env/cns/bigtmp1/okyrgyzo/plusSpike/LSA_k33_h30/hashed_reads/SRR492194/DICT/SRR492194.56
Date: Thu Nov 9 10:58:27 CET 2017
Total time:  0 hours
Date: Thu Nov 9 10:58:27 CET 2017
Total time:  0 hours
:27 CET 2017
61 0 183 0.275501012802 /env/cns/proj/ADAM/scratch/Data/SpikeTestData/chunked/SRR492196/SRR492196.10kReads.plusSpike.CH0.fastq
61 1 184 0.285071849823 /env/cns/proj/ADAM/scratch/Data/SpikeTestData/chunked/SRR492196/SRR492196.10kReads.plusSpike.CH1.fastq
61 2 185 0.273036956787 /env/cns/proj/ADAM/scratch/Data/SpikeTestData/chunked/SRR492196/SRR492196.10kReads.plusSpike.CH2.fastq
/env/cns/bigtmp1/okyrgyzo/plusSpike/LSA_k33_h30/hashed_reads/SRR492196/DICT/SRR492196.61
/DICT/SRR492187.26
Date: Thu Nov 9 10:58:27 CET 2017
Total time:  0 hours
38 0 114 0.271512031555 /env/cns/proj/ADAM/scratch/Data63 0 189 0.302944898605 /env/cns/proj/ADAM/scratch/Data/SpikeTestData/chunked/SRR492196/SRR492196.10kReads.plusSpike.CH6.fastq
63 1 190 0.311035871506 /env/cns/proj/ADAM/scratch/Data/SpikeTestData/chunked/SRR492196/SRR492196.10kReads.plusSpike.CH7.fastq
63 2 191 0.308204889297 /env/cns/proj/ADAM/scratch/Data/SpikeTestData/chunked/SRR492196/SRR492196.10kReads.plusSpike.CH8.fastq
/env/cns/bigtmp1/okyrgyzo/plusSpike/LSA_k33_h30/hashed_reads/SRR492196/DICT/SRR492196.63
/SpikeTestData/chunked/SRR492186/SRR492186.10kReads.plusSpike.CH4.fastq
24 1 73 0.274621009827 /env/cns/proj/ADAM/scratch/Data/SpikeTestData/chunked/SRR492186/SRR492186.10kReads.plusSpike.CH5.fastq
24 2 74 0.287426948547 /env/cns/proj/ADAM/scratch/Data/SpikeTestData/chunked/SRR492186/SRR492186.10kReads.plusSpike.CH6.fastq
/env/cns/bigtmp1/okyrgyzo/plusSpike/LSA_k33_h30/hashed_reads/SRR492186/DICT/SRR492186.24
Date: Thu Nov 9 10:58:27 CET 2017
Date: Thu Nov 9 10:58:27 CET 2017
Total time:  0 hours
Total time:  0 hours
32 0 96 0.325120925903 /env/cns/proj/ADAM/scratch/Data/19 0 57 0.246751070023 /env/cns/proj/ADAM/scratch/Data/45 0 135 0.261212825775 /env/cns/proj/ADAM/scratch/Data/SpikeTestData/chunked/SRR492191/SRR492191.10kReads.plusSpike.CH7.fastq
45 1 136 0.25711107254 /env/cns/proj/ADAM/scratch/Data/SpikeTestData/chunked/SRR492191/SRR492191.10kReads.plusSpike.CH8.fastq
45 2 137 0.26310300827 /env/cns/proj/ADAM/scratch/Data/SpikeTestData/chunked/SRR492191/SRR492191.10kReads.plusSpike.CH9.fastq
/env/cns/bigtmp1/okyrgyzo/plusSpike/LSA_k33_h30/hashed_reads/SRR492191/DICT/SRR492191.45
pikeTestData/chunked/SRR492187/SRR492187.10kReads.plusSpike.CH7.fastq
29 1 88 0.294127941132 /env/cns/proj/ADAM/scratch/Data/SpikeTestData/chunked/SRR492187/SRR492187.10kReads.plusSpike.CH8.fastq
29 2 89 0.296401023865 /env/cns/proj/ADAM/scratch/Data/SpikeTestData/chunked/SRR492187/SRR492187.10kReads.plusSpike.CH9.fastq
/env/cns/bigtmp1/okyrgyzo/plusSpike/LSA_k33_h30/hashed_reads/SRR492187/DICT/SRR492187.29
ke/LSA_k33_h30/hashed_reads/SRR492182/DICT/SRR492182.10
Date: Thu Nov 9 10:58:28 CET 2017
Total time:  0 hours
18 0 54 0.298609972 /env/cns/proj/Total time:  0 hours
keTestData/chunked/SRR492184/SRR492184.10kReads.plusSpike.CH9.fastq
18 1 55 0.256145954132 /env/cns/proj/ADAM/scratch/Data/SpikeTestData/chunked/SRR492185/SRR492185.10kReads.plusSpike.CH0.fastq
/env/cns/bigtmp1/okyrgyzo/plusSpike/LSA_k33_h30/hashed_reads/SRR492184/DICT/SRR492184.18
18 2 56 0.309856176376 /env/cns/proj/ADAM/scratch/Data/SpikeTestData/chunked/SRR492185/SRR492185.10kReads.plusSpike.CH1.fastq
/env/cns/bigtmp1/okyrgyzo/plusSpike/LSA_k33_h30/hashed_reads/SRR492185/DICT/SRR492185.18
33 0 99 0.322789907455 /env/cns/proj/ADAM/scratch/Data/SpikeTestData/chunked/SRR492188/SRR492188.10kReads.plusSpike.CH7.fastq
33 1 100 0.327035903931 /env/cns/proj/ADAM/scratch/Data/SpikeTestData/chunked/SRR492188/SRR492188.10kReads.plusSpike.CH8.fastq
33 2 101 0.348909854889 /env/cns/proj/ADAM/scratch/Data/SpikeTestData/chunked/SRR492188/SRR492188.10kReads.plusSpike.CH9.fastq
/env/cns/bigtmp1/okyrgyzo/plusSpike/LSA_k33_h30/hashed_reads/SRR492188/DICT/SRR492188.33
LSA_k33_h30/hashed_reads/SRR492184/DICT/SRR492184.15
Total time:  0 hours
:28 CET 2017
39 0 117 0.306443929672 /env/cns/proj/ADAM/scratch/Data/SpikeTestData/chunked/SRR492190/SRR492190.10kReads.plusSpike.CH11.fastq
39 1 118 0.35981297493 /env/cns/proj/ADAM/scratch/Data/SpikeTestData/chunked/SRR492190/SRR492190.10kReads.plusSpike.CH2.fastq
39 2 119 0.356688022614 /env/cns/proj/ADAM/scratch/Data/SpikeTestData/chunked/SRR492190/SRR492190.10kReads.plusSpike.CH3.fastq
/env/cns/bigtmp1/okyrgyzo/plusSpike/LSA_k33_h30/hashed_reads/SRR492190/DICT/SRR492190.39
tal time:  0 hours
Total time:  0 hours
:28 CET 2017
Total time:  0 hours
17 0 51 0.272701978683 /env/cns/prDate: Thu Nov 9 10:58:28 CET 2017
j/ADAM/scratch/Data/SpikeTestData/chunked/SRR492193/SRR492193.10kReads.plusSpike.CH0.fastq
50 1 151 0.272621154785 /env/cns/proj/ADAM/scratch/Data/SpikeTestData/chunked/SRR492193/SRR492193.10kReads.plusSpike.CH1.fastq
50 2 152 0.35497379303 /env/cns/proj/ADAM/scratch/Data/SpikeTestData/chunked/SRR492193/SRR492193.10kReads.plusSpike.CH10.fastq
/env/cns/bigtmp1/okyrgyzo/plusSpike/LSA_k33_h30/hashed_reads/SRR492193/DICT/SRR492193.50
Total time:  0 hours
:28 CET 2017
Total time:  0 hours
Date: Thu Nov 9 10:58:28 CET 2017
Total time:  0 hours
51 0 153 0.301760911942 /env/cns/proj/ADAM/scratch/Data/SpikeTestData/chunked/SRR492193/SRR492193.10kReads.plusSpike.CH11.fastq
51 1 154 0.29230594635 /env/cns/proj/ADAM/scratch/Data/SpikeTestData/chunked/SRR492193/SRR492193.10kReads.plusSpike.CH2.fastq
51 2 155 0.27455997467 /env/cns/proj/ADAM/scratch/Data/SpikeTestData/chunked/SRR492193/SRR492193.10kReads.plusSpike.CH3.fastq
/env/cns/bigtmp1/okyrgyzo/plusSpike/LSA_k33_h30/hashed_reads/SRR492193/DICT/SRR492193.51
16 0 48 0.28688406944Date: Thu Nov 9 10:58:28 CET 2017
SpikeTestData/chunked/SRR492184/SRR492184.10kReads.plusSpike.CH3.fastq
16 1 49 0.281122922897 /env/cns/proj/ADAM/scratch/Data/SpikeTestData/chunked/SRR492184/SRR492184.10kReads.plusSpike.CH4.fastq
16 2 50 0.298201084137 /env/cns/proj/ADAM/scratch/Data/SpikeTestData/chunked/SRR492184/SRR492184.10kReads.plusSpike.CH5.fastq
/env/cns/bigtmp1/okyrgyzo/plusSpike/LSA_k33_h30/hashed_reads/SRR492184/DICT/SRR492184.16
Total time:  0 hours
:28 CET 2017
44 0 132 0.259020090103 /env/cns/proj/ADAM/scratch/Data/SpikeTestData/chunked/SRR492191/SRR492191.10kReads.plusSpike.CH4.fastq
44 1 133 0.269484043121 /env/cns/proj/ADAM/scratch/Data/SpikeTestData/chunked/SRR492191/SRR492191.10kReads.plusSpike.CH5.fastq
44 2 134 0.275062084198 /env/cns/proj/ADAM/scratch/Data/SpikeTestData/chunked/SRR492191/SRR492191.10kReads.plusSpike.CH6.fastq
/env/cns/bigtmp1/okyrgyzo/plusSpike/LSA_k33_h30/hashed_reads/SRR492191/DICT/SRR492191.44
Date: Thu Nov 9 10:58:28 CET 2017
52 0 156 0.282909870148 /env/cns/proj/ADAM/scratch/Data/SpikeTestData/chunked/SRR492193/SRR492193.10kReads.plusSpike.CH4.fastq
52 1 157 0.275259971619 /env/cns/proj/ADAM/scratch/Data/SpikeTestData/chunked/SRR492193/SRR492193.10kReads.plusSpike.CH5.fastq
52 2 158 0.277740955353 /env/cns/proj/ADAM/scratch/Data/SpikeTestData/chunked/SRR492193/SRR492193.10kReads.plusSpike.CH6.fastq
/env/cns/bigtmp1/okyrgyzo/plusSpike/LSA_k33_h30/hashed_reads/SRR492193/DICT/SRR492193.52
Total time:  0 hours
Date: Thu Nov 9 10:58:28 CET 2017
53 0 159 0.278723955154 /env/cns/proj/ADAM/scratch/Data/SpikeTestData/chunked/SRR492193/SRR492193.10kReads.plusSpike.CH7.fastq
53 1 160 0.273140907288 /env/cns/proj/ADAM/scratch/Data/SpikeTestData/chunked/SRR492193/SRR492193.10kReads.plusSpike.CH8.fastq
53 2 161 0.272571086884 /env/cns/proj/ADAM/scratch/Data/SpikeTestData/chunked/SRR492193/SRR492193.10kReads.plusSpike.CH9.fastq
/env/cns/bigtmp1/okyrgyzo/plusSpike/LSA_k33_h30/hashed_reads/SRR492193/DICT/SRR492193.53
Total time:  0 hours
Date: Thu Nov 9 10:58:28 CET 2017
Total time:  0 hours
54 0 162 0.260421037674 /env/cns/proj/ADAM/scratch/Data/SpikeTestData/chunked/SRR492194/SRR492194.10kReads.plusSpike.CH0.fastq
54 1 163 0.276251077652 /env/cns/proj/ADAM/scratch/Data/SpikeTestData/chunked/SRR492194/SRR492194.10kReads.plusSpike.CH1.fastq
54 2 164 0.288586854935 /env/cns/proj/ADAM/scratch/Data/SpikeTestData/chunked/SRR492194/SRR492194.10kReads.plusSpike.CH2.fastq
/env/cns/bigtmp1/okyrgyzo/plusSpike/LSA_k33_h30/hashed_reads/SRR492194/DICT/SRR492194.54
Date: Thu Nov 9 10:58:28 CET 2017
Total time:  0 hours
41 0 123 0.330572843552 /env/cns/proj/ADAM/scratch/Data/SpikeTestData/chunked/SRR492190/SRR492190.10kReads.plusSpike.CH7.fastq
41 1 124 0.352827787399 /env/cns/proj/ADAM/scratch/Data/SpikeTestData/chunked/SRR492190/SRR492190.10kReads.plusSpike.CH8.fastq
41 2 125 0.343939065933 /env/cns/proj/ADAM/scratch/Data/SpikeTestData/chunked/SRR492190/SRR492190.10kReads.plusSpike.CH9.fastq
/env/cns/bigtmp1/okyrgyzo/plusSpike/LSA_k33_h30/hashed_reads/SRR492190/DICT/SRR492190.41
Date: Thu Nov 9 10:58:28 CET 2017
46 0 138 0.297947883606 /env/cns/proj/ADAM/scratch/Data/SpikeTestData/chunked/SRR492192/SRR492192.10kReads.plusSpike.CH0.fastq
46 1 139 0.324161052704 /env/cns/proj/ADAM/scratch/Data/SpikeTestData/chunked/SRR492192/SRR492192.10kReads.plusSpike.CH1.fastq
46 2 140 0.34443116188 /env/cns/proj/ADAM/scratch/Data/SpikeTestData/chunked/SRR492192/SRR492192.10kReads.plusSpike.CH10.fastq
/env/cns/bigtmp1/okyrgyzo/plusSpike/LSA_k33_h30/hashed_reads/SRR492192/DICT/SRR492192.46
Total time:  0 hours
Date: Thu Nov 9 10:58:28 CET 2017
Total time:  0 hours
49 0 147 0.342040061951 /env/cns/proj/ADAM/scratch/Data/SpikeTestData/chunked/SRR492192/SRR492192.10kReads.plusSpike.CH7.fastq
49 1 148 0.344292163849 /env/cns/proj/ADAM/scratch/Data/SpikeTestData/chunked/SRR492192/SRR492192.10kReads.plusSpike.CH8.fastq
49 2 149 0.351888179779 /env/cns/proj/ADAM/scratch/Data/SpikeTestData/chunked/SRR492192/SRR492192.10kReads.plusSpike.CH9.fastq
/env/cns/bigtmp1/okyrgyzo/plusSpike/LSA_k33_h30/hashed_reads/SRR492192/DICT/SRR492192.49
: Thu Nov 9 10:58:28 CET 2017
Total time:  0 hours
21 0 63 0.330615997314 /env/cns/proj/ADAM/scratch/Data/SpikeTestData/chunked/SRR492185/SRR492185.10kReads.plusSpike.CH7.fastq
21 1 64 0.339968919754 /env/cns/proj/ADAM/scratch/Data/SpikeTestData/chunked/SRR492185/SRR492185.10kReads.plusSpike.CH8.fastq
21 2 65 0.337845087051 /env/cns/proj/ADAM/scratch/Data/SpikeTestData/chunked/SRR492185/SRR492185.10kReads.plusSpike.CH9.fastq
/env/cns/bigtmp1/okyrgyzo/plusSpike/LSA_k33_h30/hashed_reads/SRR492185/DICT/SRR492185.21
pike/LSA_k33_h30/hashed_reads/SRR492190/DICT/SRR492190.40
Date: Thu Nov 9 10:58:28 CET 2017
Total time:  0 hours
48 0 144 0.336238861084 /env/cns/proj/ADAM/scratch/Data/SpikeTestData/chunked/SRR492192/SRR492192.10kReads.plusSpike.CH4.fastq
48 1 145 0.346148967743 /env/cns/proj/ADAM/scratch/Data/SpikeTestData/chunked/SRR492192/SRR492192.10kReads.plusSpike.CH5.fastq
48 2 146 0.354892015457 /env/cns/proj/ADAM/scratch/Data/SpikeTestData/chunked/SRR492192/SRR492192.10kReads.plusSpike.CH6.fastq
/env/cns/bigtmp1/okyrgyzo/plusSpike/LSA_k33_h30/hashed_reads/SRR492192/DICT/SRR492192.48
Date: Thu Nov 9 10:58:28 CET 2017
Total time:  0 hours
1 0 3 0.203674077988 /env/cns/proj/ADAM/scratch/Data/SpikeTestData/chunked/SRR492065/SRR492065.10kReads.plusSpike.CH11.fastq
1 1 4 0.366694927216 /env/cns/proj/ADAM/scratch/Data/SpikeTestData/chunked/SRR492065/SRR492065.10kReads.plusSpike.CH2.fastq
1 2 5 0.3705098629 /env/cns/proj/ADAM/scratch/Data/SpikeTestData/chunked/SRR492065/SRR492065.10kReads.plusSpike.CH3.fastq
/env/cns/bigtmp1/okyrgyzo/plusSpike/LSA_k33_h30/hashed_reads/SRR492065/DICT/SRR492065.1
Date: Thu Nov 9 10:58:28 CET 2017
Total time:  0 hours
4 0 12 0.287969112396 /env/cns/proj/ADAM/scratch/Data/SpikeTestData/chunked/SRR492066/SRR492066.10kReads.plusSpike.CH0.fastq
4 1 13 0.294448137283 /env/cns/proj/ADAM/scratch/Data/SpikeTestData/chunked/SRR492066/SRR492066.10kReads.plusSpike.CH1.fastq
4 2 14 0.387984037399 /env/cns/proj/ADAM/scratch/Data/SpikeTestData/chunked/SRR492066/SRR492066.10kReads.plusSpike.CH10.fastq
/env/cns/bigtmp1/okyrgyzo/plusSpike/LSA_k33_h30/hashed_reads/SRR492066/DICT/SRR492066.4
Date: Thu Nov 9 10:58:28 CET 2017
Total time:  0 hours
6 0 18 0.2906229496 /env/cns/proj/ADAM/scratch/Data/SpikeTestData/chunked/SRR492066/SRR492066.10kReads.plusSpike.CH5.fastq
6 1 19 0.29923415184 /env/cns/proj/ADAM/scratch/Data/SpikeTestData/chunked/SRR492066/SRR492066.10kReads.plusSpike.CH6.fastq
6 2 20 0.295578956604 /env/cns/proj/ADAM/scratch/Data/SpikeTestData/chunked/SRR492066/SRR492066.10kReads.plusSpike.CH7.fastq
/env/cns/bigtmp1/okyrgyzo/plusSpike/LSA_k33_h30/hashed_reads/SRR492066/DICT/SRR492066.6
Date: Thu Nov 9 10:58:28 CET 2017
5 0 15 0.287970066071 /env/cns/proj/ADAM/scratch/Data/SpikeTestData/chunked/SRR492066/SRR492066.10kReads.plusSpike.CH2.fastq
5 1 16 0.285853147507 /env/cns/proj/ADAM/scratch/Data/SpikeTestData/chunked/SRR492066/SRR492066.10kReads.plusSpike.CH3.fastq
5 2 17 0.287602186203 /env/cns/proj/ADAM/scratch/Data/SpikeTestData/chunked/SRR492066/SRR492066.10kReads.plusSpike.CH4.fastq
/env/cns/bigtmp1/okyrgyzo/plusSpike/LSA_k33_h30/hashed_reads/SRR492066/DICT/SRR492066.5
Date: Thu Nov 9 10:58:28 CET 2017
Total time:  0 hours
Total time:  0 hours
0 0 0 0.338604927063 /env/cns/proj/ADAM/scratch/Data/SpikeTestData/chunked/SRR492065/SRR492065.10kReads.plusSpike.CH0.fastq
0 1 1 0.346021175385 /env/cns/proj/ADAM/scratch/Data/SpikeTestData/chunked/SRR492065/SRR492065.10kReads.plusSpike.CH1.fastq
0 2 2 0.416827917099 /env/cns/proj/ADAM/scratch/Data/SpikeTestData/chunked/SRR492065/SRR492065.10kReads.plusSpike.CH10.fastq
/env/cns/bigtmp1/okyrgyzo/plusSpike/LSA_k33_h30/hashed_reads/SRR492065/DICT/SRR492065.0
Date: Thu Nov 9 10:58:28 CET 2017
Total time:  0 hours
2 0 6 0.39234495163 /env/cns/proj/ADAM/scratch/Data/SpikeTestData/chunked/SRR492065/SRR492065.10kReads.plusSpike.CH4.fastq
2 1 7 0.403136968613 /env/cns/proj/ADAM/scratch/Data/SpikeTestData/chunked/SRR492065/SRR492065.10kReads.plusSpike.CH5.fastq
2 2 8 0.412005901337 /env/cns/proj/ADAM/scratch/Data/SpikeTestData/chunked/SRR492065/SRR492065.10kReads.plusSpike.CH6.fastq
/env/cns/bigtmp1/okyrgyzo/plusSpike/LSA_k33_h30/hashed_reads/SRR492065/DICT/SRR492065.2
Date: Thu Nov 9 10:58:29 CET 2017
Total time:  .001 hours
3 0 9 0.388090133667 /env/cns/proj/ADAM/scratch/Data/SpikeTestData/chunked/SRR492065/SRR492065.10kReads.plusSpike.CH7.fastq
3 1 10 0.408894062042 /env/cns/proj/ADAM/scratch/Data/SpikeTestData/chunked/SRR492065/SRR492065.10kReads.plusSpike.CH8.fastq
3 2 11 0.422934055328 /env/cns/proj/ADAM/scratch/Data/SpikeTestData/chunked/SRR492065/SRR492065.10kReads.plusSpike.CH9.fastq
/env/cns/bigtmp1/okyrgyzo/plusSpike/LSA_k33_h30/hashed_reads/SRR492065/DICT/SRR492065.3
Date: Thu Nov 9 10:58:29 CET 2017
Total time:  .001 hours
