Date: Thu Nov 9 10:58:54 CET 2017
hash_max -  1073741824
% of the nonzeros to hash_max -  0.000890529714525
% of the nonzeros to hash_max -  0.00155190378428
% of the nonzeros to hash_max -  0.00240908470005
% of the nonzeros to hash_max -  0.00299914274365
% of the nonzeros to hash_max -  0.00373737048358
% of the nonzeros to hash_max -  0.0045323735103
% of the nonzeros to hash_max -  0.00508114788681
% of the nonzeros to hash_max -  0.00568129867315
% of the nonzeros to hash_max -  0.00626285932958
% of the nonzeros to hash_max -  0.00672424864024
% of the nonzeros to hash_max -  0.00751815084368
% of the nonzeros to hash_max -  0.00793456472456
% of the nonzeros to hash_max -  0.00846333801746
% of the nonzeros to hash_max -  0.00888184737414
% of the nonzeros to hash_max -  0.00959189422429
% of the nonzeros to hash_max -  0.0100102294236
% of the nonzeros to hash_max -  0.0103869084269
% of the nonzeros to hash_max -  0.0108364541084
firts 118.715092182
information saved into:
  /env/cns/bigtmp1/okyrgyzo/plusSpike/LSA_k33_h30/reports/stat_hash/
Date: Thu Nov 9 11:01:10 CET 2017
Total time:  .037 hours
