Date: Thu Nov 9 10:58:13 CET 2017
start wheel loading
file exists /env/cns/bigtmp1/okyrgyzo/plusSpike/LSA_k33_h30/hashed_reads/hyper
Date: Thu Nov 9 10:58:14 CET 2017
Total time:  0 hours
start wheel loading
file exists /env/cns/bigtmp1/okyrgyzo/plusSpike/LSA_k33_h30/hashed_reads/hyper
fr -  68 , i -  0 , ind -  204 , file_name -   SRR492197.10kReads.plusSpike.CH9
reads hashed -  1000 , time to hash reads -  1.07715702057
Date: Thu Nov 9 10:58:14 CET 2017
Total time:  0 hours
start wheel loading
file exists /env/cns/bigtmp1/okyrgyzo/plusSpike/LSA_k33_h30/hashed_reads/hyper
fr -  65 , i -  0 , ind -  195 , file_name -   SRR492197.10kReads.plusSpike.CH10
reads hashed -  1000 , time to hash reads -  1.51894307137
fr -  65 , i -  1 , ind -  196 , file_name -   SRR492197.10kReads.plusSpike.CH11
reads hashed -  136 , time to hash reads -  0.204493999481
fr -  65 , i -  2 , ind -  197 , file_name -   SRR492197.10kReads.plusSpike.CH2
reads hashed -  1000 , time to hash reads -  1.0477180481
hu Nov 9 10:58:16 CET 2017
Total time:  .001 hours
start wheel loading
file exists /env/cns/bigtmp1/okyrgyzo/plusSpike/LSA_k33_h30/hashed_reads/hyper
fr -  12 , i -  0 , ind -  36 , file_name -   SRR492183.10kReads.plusSpike.CH11
reads hashed -  642 , time to hash reads -  1.02021098137
fr -  12 , i -  1 , ind -  37 , file_name -   SRR492183.10kReads.plusSpike.CH2
reads hashed -  1000 , time to hash reads -  1.01398491859
fr -  12 , i -  2 , ind -  38 , file_name -   SRR492183.10kReads.plusSpike.CH3
reads hashed -  1000 , time to hash reads -  0.999146938324
Date: Thu Nov 9 10:58:16 CET 2017
Total time:  .001 hours
start wheel loading
file exists /env/cns/bigtmp1/okyrgyzo/start wheel loading
file exists /env/cns/bigtmp1/okyrgyzo/plusSpike/LSA_k33_h30/hashed_reads/hyper
fr -  58 , i -  0 , ind -  174 , file_name -   SRR492195.10kReads.plusSpike.CH10
reads hashed -  844 , time to hash reads -  1.32408905029
fr -  58 , i -  1 , ind -  175 , file_name -   SRR492195.10kReads.plusSpike.CH2
reads hashed -  1000 , time to hash reads -  1.14697408676
fr -  58 , i -  2 , ind -  176 , file_name -   SRR492195.10kReads.plusSpike.CH3
reads hashed -  1000 , time to hash reads -  1.16036105156
: Thu Nov 9 10:58:16 CET 2017
Total time:  .001 hours
start wheel loading
file exists /env/cns/bigtmp1/okyrgyzo/plusSpike/LSA_k33_h30/hashed_reads/hyper
fr -  31 , i -  0 , ind -  93 , file_name -   SRR492188.10kReads.plusSpike.CH11
reads hashed -  410 , time to hash reads -  0.646180152893
fr -  31 , i -  1 , ind -  94 , file_name -   SRR492188.10kReads.plusSpike.CH2
reads hashed -  1000 , time to hash reads -  1.3632850647
fr -  31 , i -  2 , ind -  95 , file_name -   SRR492188.10kReads.plusSpike.CH3
reads hashed -  1000 , time to hash reads -  1.35961580276
eads hashed -  1000 , time to hash reads -  1.05787110329
Date: Thu Nov 9 10:58:16 CET 2017
Total time:  .001 hours
start wheel loading
file exists /env/cns/bigtmp1/okyrgyzo/plusSpike/LSA_k33_h30/hashed_reads/hyper
fr -  8 , i -  0 , ind -  24 , file_name -   SRR492182.10kReads.plusSpike.CH1
reads hashed -  1000 , time to hash reads -  1.11847805977
fr -  8 , i -  1 , ind -  25 , file_name -   SRR492182.10kReads.plusSpike.CH2
reads hashed -  1000 , time to hash reads -  1.17833399773
fr -  8 , i -  2 , ind -  26 , file_name -   SRR492182.10kReads.plusSpike.CH3
reads hashed -  1000 , time to hash reads -  1.22474002838
Date: Thu Nov 9 10:58:16 CET 2017
Total time:  .001 hours
start wheel loading
file exists /env/cns/bigtmp1/okyrgyzo/plusSpike/LSA_k33_h30/hashed_reads/hyper
fr -  11 , i -  0 , ind -  33 , file_name -   SRR492183.10kReads.plusSpike.CH0
reads hashed -  1000 , time to hash reads -  0.988144159317
fr -  11 , i -  1 , ind -  34 , file_name -   SRR492183.10kReads.plusSpike.CH1
reads hashed -  1000 , time to hash reads -  1.06621193886
fr -  11 , i -  2 , ind -  35 , file_name -   SRR492183.10kReads.plusSpike.CH10
reads hashed -  1000 , time to hash reads -  1.5337638855
3
Date: Thu Nov 9 10:58:16 CET 2017
Total time:  .001 hours
start wheel loading
file exists /env/cns/bigtmp1/okyrgyzo/plusSpike/LSA_k33_h30/hashed_reads/hyper
fr -  45 , i -  0 , ind -  135 , file_name -   SRR492191.10kReads.plusSpike.CH7
reads hashed -  1000 , time to hash reads -  1.17699193954
fr -  45 , i -  1 , ind -  136 , file_name -   SRR492191.10kReads.plusSpike.CH8
reads hashed -  1000 , time to hash reads -  1.11771702766
fr -  45 , i -  2 , ind -  137 , file_name -   SRR492191.10kReads.plusSpike.CH9
reads hashed -  1000 , time to hash reads -  1.09916090965
 -  200 , file_name -   SRR492197.10kReads.plusSpike.CH5
reads hashed -  1000 , time to hash reads -  1.114638090start wheel loading
file exists /env/cns/bigtmp1/okyrgyzo/plusSpike/LSA_k33_h30/hashed_reads/hyper
fr -  25 , i -  0 , ind -  75 , file_name -   SRR492186.10kReads.plusSpike.CH7
reads hashed -  1000 , time to hash reads -  1.22584295273
fr -  25 , i -  1 , ind -  76 , file_name -   SRR492186.10kReads.plusSpike.CH8
reads hashed -  1000 , time to hash reads -  1.20314097404
fr -  25 , i -  2 , ind -  77 , file_name -   SRR492186.10kReads.plusSpike.CH9
reads hashed -  1000 , time to hash reads -  1.21354699135
.CH8
reads hashed -  1000 , time to hash reads -  1.02834796906
Date: Thu Nov 9 10:58:16 CET 2017
Total time:  .001 hours
start wheel loading
file exists /env/cns/bigtmp1/okyrgyzo/plusSpike/LSA_k33_h30/hashed_reads/hyper
fr -  64 , i -  0 , ind -  192 , file_name -   SRR492196.10kReads.plusSpike.CH9
reads hashed -  1000 , time to hash reads -  1.26839089394
fr -  64 , i -  1 , ind -  193 , file_name -   SRR492197.10kReads.plusSpike.CH0
reads hashed -  1000 , time to hash reads -  1.03511381149
fr -  64 , i -  2 , ind -  194 , file_name -   SRR492197.10kReads.plusSpike.CH1
reads hashed -  1000 , time to hash reads -  1.04706716537
Date: Thu Nov 9 10:58:16 CET 2017
Total time:  .001 hours
start wheel loading
file exists /env/cns/bigtmp1/okyrgyzo/plusSpike/LSA_k33_h30/hashed_reads/hyper
fr -  61 , i -  0 , ind -  183 , file_name -   SRR492196.10kReads.plusSpike.CH0
reads hashed -  1000 , time to hash reads -  1.22155308723
fr -  61 , i -  1 , ind -  184 , file_name -   SRR492196.10kReads.plusSpike.CH1
reads hashed -  1000 , time to hash reads -  1.24912714958
fr -  61 , i -  2 , ind -  185 , file_name -   SRR492196.10kReads.plusSpike.CH2
reads hashed -  1000 , time to hash reads -  1.19437193871
s hashed -  1000 , time to hash reads -  1.11927103996
Date: Thu Nov 9 10:58:16 CET 2017
Total time:  .001 hours
start wheel loading
file exists /env/cns/bigtmp1/okyrgyzo/start wheel loading
file exists /env/cns/bigtmp1/okyrgyzo/plusSpike/LSA_k33_h30/hashed_reads/hyper
fr -  28 , i -  0 , ind -  84 , file_name -   SRR492187.10kReads.plusSpike.CH4
reads hashed -  1000 , time to hash reads -  1.29288005829
fr -  28 , i -  1 , ind -  85 , file_name -   SRR492187.10kReads.plusSpike.CH5
reads hashed -  1000 , time to hash reads -  1.28137493134
fr -  28 , i -  2 , ind -  86 , file_name -   SRR492187.10kReads.plusSpike.CH6
reads hashed -  1000 , time to hash reads -  1.2674510479
Hstart wheel loading
file exists /env/cns/bigtmp1/okyrgyzo/plusSpike/LSA_k33_h30/hashed_reads/hyper
fr -  18 , i -  0 , ind -  54 , file_name -   SRR492184.10kReads.plusSpike.CH9
reads hashed -  1000 , time to hash reads -  1.2817261219
fr -  18 , i -  1 , ind -  55 , file_name -   SRR492185.10kReads.plusSpike.CH0
reads hashed -  1000 , time to hash reads -  1.09642887115
fr -  18 , i -  2 , ind -  56 , file_name -   SRR492185.10kReads.plusSpike.CH1
reads hashed -  1000 , time to hash reads -  1.23190903664
H1
reads hashed -  1000 , time to hash reads -  1.17846512794
Date: Thu Nov 9 10:58:16 CET 2017
Total time:  .001 hours
start wheel loading
file exists /env/cns/bigtmp1/okyrgyzo/plusSpike/LSA_k33_h30/hashed_reads/hyper
fr -  60 , i -  0 , ind -  180 , file_name -   SRR492195.10kReads.plusSpike.CH7
reads hashed -  1000 , time to hash reads -  1.26635503769
fr -  60 , i -  1 , ind -  181 , file_name -   SRR492195.10kReads.plusSpike.CH8
reads hashed -  1000 , time to hash reads -  1.28402519226
fr -  60 , i -  2 , ind -  182 , file_name -   SRR492195.10kReads.plusSpike.CH9
reads hashed -  1000 , time to hash reads -  1.27619194984
SRR492189.10kReads.plusSpike.CH3
reads hashed -  1000 , time to hash reads -  1.15909600258
 CET 2017
Total time:  .001 hours
start wheel loading
file exists /env/cns/bigtmp1/okyrgyzo/plusSpike/LSA_k33_h30/hashed_reads/hyper
fr -  52 , i -  0 , ind -  156 , file_name -   SRR492193.10kReads.plusSpike.CH4
reads hashed -  1000 , time to hash reads -  1.27978277206
fr -  52 , i -  1 , ind -  157 , file_name -   SRR492193.10kReads.plusSpike.CH5
reads hashed -  1000 , time to hash reads -  1.20135211945
fr -  52 , i -  2 , ind -  158 , file_name -   SRR492193.10kReads.plusSpike.CH6
reads hashed -  1000 , time to hash reads -  1.20980000496
1959505081
fr -  59 , i -  2 , ind -  179 , file_name -   SRR492195.10kReads.plusSpike.CH6
reads hashed -  1000 , time to hash reads -  1.25588583946
pike/LSA_k33_h30/hashed_reads/hyper
fr -  19 , i -  0 , ind -  57 , file_name -   SRR492185.10kReads.plusSpike.CH10
reads hashed -  726 , time to hash reads -  1.15491604805
fr -  19 , i -  1 , ind -  58 , file_name -   SRR492185.10kReads.plusSpike.CH2
reads hashed -  1000 , time to hash reads -  1.24359798431
fr -  19 , i -  2 , ind -  59 , file_name -   SRR492185.10kReads.plusSpike.CH3
reads hashed -  1000 , time to hash reads -  1.26933193207
Date: Thu Nov 9 10:58:16 CET 2017
Date: Thu Nov 9 10:58:16 CET 2017
Total time:  .001 hours
Total time:  .001 hours
start wheel loading
file exists /env/cns/bigtmp1/okyrgyzo/plusSpike/LSA_k33_h30/hashed_reads/hyper
fr -  9 , i -  0 , ind -  27 , file_name -   SRR492182.10kReads.plusSpike.CH4
reads hashed -  1000 , time to hash reads -  1.32768511772
fr -  9 , i -  1 , ind -  28 , file_name -   SRR492182.10kReads.plusSpike.CH5
reads hashed -  1000 , time to hash reads -  1.35209703445
fr -  9 , i -  2 , ind -  29 , file_name -   SRR492182.10kReads.plusSpike.CH6
reads hashed -  1000 , time to hash reads -  1.33618211746
Date: Thu Nov 9 10:58:16 CET 2017
Total time:  .001 hours
start wheel loading
file exists /env/cns/bigtmp1/okyrgyzo/plusSpike/LSA_k33_h30/hashed_reads/hyper
fr -  10 , i -  0 , ind -  30 , file_name -   SRR492182.10kReads.plusSpike.CH7
reads hashed -  1000 , time to hash reads -  1.37440490723
fr -  10 , i -  1 , ind -  31 , file_name -   SRR492182.10kReads.plusSpike.CH8
reads hashed -  1000 , time to hash reads -  1.37724494934
fr -  10 , i -  2 , ind -  32 , file_name -   SRR492182.10kReads.plusSpike.CH9
reads hashed -  1000 , time to hash reads -  1.36436200142
ash reads -  1.30879116058
start wheel loading
file exists /env/cns/bigtmp1/okyrgyzo/plusSpike/LSA_k33_h30/hashed_reads/hyper
fr -  34 , i -  0 , ind -  102 , file_name -   SRR492189.10kReads.plusSpike.CH0
reads hashed -  1000 , time to hash reads -  1.14536190033
fr -  34 , i -  1 , ind -  103 , file_name -   SRR492189.10kReads.plusSpike.CH1
reads hashed -  1000 , time to hash reads -  1.20562505722
fr -  34 , i -  2 , ind -  104 , file_name -   SRR492189.10kReads.plusSpike.CH10
reads hashed -  1000 , time to hash reads -  1.5107550621
Date: Thu Nov 9 10:58:16 CET 2017
Date: Thu Nov 9 10:58:16 CET 2017
Total time:  .001 hours
Total time:  .001 hours
start wheel loading
file exists /env/cns/bigtmp1/okyrgyzo/start wheel loading
file exists /env/cns/bigtmp1/okyrgyzo/plusSpike/LSA_k33_h30/hashed_reads/hyper
fr -  63 , i -  0 , ind -  189 , file_name -   SRR492196.10kReads.plusSpike.CH6
reads hashed -  1000 , time to hash reads -  1.30342721939
fr -  63 , i -  1 , ind -  190 , file_name -   SRR492196.10kReads.plusSpike.CH7
reads hashed -  1000 , time to hash reads -  1.24639987946
fr -  63 , i -  2 , ind -  191 , file_name -   SRR492196.10kReads.plusSpike.CH8
reads hashed -  1000 , time to hash reads -  1.24254012108
rt wheel loading
file exists /env/cns/bigtmp1/okyrgyzo/plusSpike/LSA_k33_h30/hashed_reads/hyper
fr -  29 , i -  0 , ind -  87 , file_name -   SRR492187.10kReads.plusSpike.CH7
reads hashed -  1000 , time to hash reads -  1.24221992493
fr -  29 , i -  1 , ind -  88 , file_name -   SRR492187.10kReads.plusSpike.CH8
reads hashed -  1000 , time to hash reads -  1.27851319313
fr -  29 , i -  2 , ind -  89 , file_name -   SRR492187.10kReads.plusSpike.CH9
reads hashed -  1000 , time to hash reads -  1.23545622826
Date: Thu Nov 9 10:58:17 CET 2017
Total time:  .001 hours
start wheel loading
file exists /env/cns/bigtmp1/okyrgyzo/plusSpike/LSA_k33_h30/hashed_reads/hyper
fr -  36 , i -  0 , ind -  108 , file_name -   SRR492189.10kReads.plusSpike.CH4
reads hashed -  1000 , time to hash reads -  1.24764108658
fr -  36 , i -  1 , ind -  109 , file_name -   SRR492189.10kReads.plusSpike.CH5
reads hashed -  1000 , time to hash reads -  1.25175881386
fr -  36 , i -  2 , ind -  110 , file_name -   SRR492189.10kReads.plusSpike.CH6
reads hashed -  1000 , time to hash reads -  1.20403313637
Date: Thu Nov 9 10:58:17 CET 2017
Total time:  .001 hours
start wheel loading
file exists /env/cns/bigtmp1/okyrgyzo/start wheel loading
file exists /env/cns/bigtmp1/okyrgyzo/plusSpike/LSA_k33_h30/hashed_reads/hyper
fr -  47 , i -  0 , ind -  141 , file_name -   SRR492192.10kReads.plusSpike.CH11
reads hashed -  508 , time to hash reads -  0.833800077438
fr -  47 , i -  1 , ind -  142 , file_name -   SRR492192.10kReads.plusSpike.CH2
reads hashed -  1000 , time to hash reads -  1.41423416138
fr -  47 , i -  2 , ind -  143 , file_name -   SRR492192.10kReads.plusSpike.CH3
reads hashed -  1000 , time to hash reads -  1.4080619812
start wheel loading
file exists /env/cns/bigtmp1/okyrgyzostart wheel loading
file exists /env/cns/bigtmp1/okyrgyzo/start wheel loading
file exists /env/cns/bigtmp1/okyrgyzo/plusSpike/LSA_k33_h30/hashed_reads/hyper
fr -  56 , i -  0 , ind -  168 , file_name -   SRR492194.10kReads.plusSpike.CH6
reads hashed -  1000 , time to hash reads -  1.45755600929
fr -  56 , i -  1 , ind -  169 , file_name -   SRR492194.10kReads.plusSpike.CH7
reads hashed -  1000 , time to hash reads -  1.43330693245
fr -  56 , i -  2 , ind -  170 , file_name -   SRR492194.10kReads.plusSpike.CH8
reads hashed -  1000 , time to hash reads -  1.43330693245

start wheel loading
filestart wheel loading
file exists /env/cns/bigtmp1/okyrgyzo/plusSpike/LSA_k33_h30/hashed_reads/hyper
fr -  22 , i -  0 , ind -  66 , file_name -   SRR492186.10kReads.plusSpike.CH0
reads hashed -  1000 , time to hash reads -  1.1668419838
fr -  22 , i -  1 , ind -  67 , file_name -   SRR492186.10kReads.plusSpike.CH1
reads hashed -  1000 , time to hash reads -  1.24650502205
fr -  22 , i -  2 , ind -  68 , file_name -   SRR492186.10kReads.plusSpike.CH10
reads hashed -  1000 , time to hash reads -  1.5447769165
8:17 CET 2017
Total time:  .001 hours
start wheel loading
file exists /eTotal time:  .001 hours
plusSpike/LSA_k33_h30/hashed_reads/hyper
fr -  50 , i -  0 , ind -  150 , file_name -   SRR492193.10kReads.plusSpike.CH0
reads hashed -  1000 , time to hash reads -  1.11288094521
fr -  50 , i -  1 , ind -  151 , file_name -   SRR492193.10kReads.plusSpike.CH1
reads hashed -  1000 , time to hash reads -  1.17857098579
fr -  50 , i -  2 , ind -  152 , file_name -   SRR492193.10kReads.plusSpike.CH10
reads hashed -  1000 , time to hash reads -  1.50619506836
start wheel loading
file exists /env/cns/bigtmp1/okyrgyzo/plusSpike/LSA_k33_h30/hashed_reads/hyper
fr -  20 , i -  0 , ind -  60 , file_name -   SRR492185.10kReads.plusSpike.CH4
reads hashed -  1000 , time to hash reads -  1.34042310715
fr -  20 , i -  1 , ind -  61 , file_name -   SRR492185.10kReads.plusSpike.CH5
reads hashed -  1000 , time to hash reads -  1.32429790497
fr -  20 , i -  2 , ind -  62 , file_name -   SRR492185.10kReads.plusSpike.CH6
reads hashed -  1000 , time to hash reads -  1.3733727932
841
Date: Thu Nov 9 10:58:17 CET 2017
Date: Thu Nov 9 10:58:17 CET 2017
Total time:  .001 hours
Total time:  .001 hours
start wheel loading
file exists /env/cns/bigtmp1/okyrgyzo/plusSpike/LSA_k33_h30/hashed_reads/hyper
fr -  39 , i -  0start wheel loading
file exists /env/cns/bigtmp1/okyrgyzo/plusSpike/LSA_k33_h30/hashed_reads/hyper
fr -  21 , i -  0 , ind -  63 , file_name -   SRR492185.10kReads.plusSpike.CH7
reads hashed -  1000 , time to hash reads -  1.43182396889
fr -  21 , i -  1 , ind -  64 , file_name -   SRR492185.10kReads.plusSpike.CH8
reads hashed -  1000 , time to hash reads -  1.44651913643
fr -  21 , i -  2 , ind -  65 , file_name -   SRR492185.10kReads.plusSpike.CH9
reads hashed -  1000 , time to hash reads -  1.4468421936
te: Thu Nov 9 10:58:17 CET 2017
Total time:  .001 hours
 CET 2017
start wheel loading
file exists /env/cns/bigtmp1/okyrgyzo/plusSpike/LSA_k33_h30/hashed_reads/hyper
fr -  38 , i -  0 , ind -  114 , file_name -   SRR492190.10kReads.plusSpike.CH0
reads hashed -  1000 , time to hash reads -  1.2224919796
fr -  38 , i -  1 , ind -  115 , file_name -   SRR492190.10kReads.plusSpike.CH1
reads hashed -  1000 , time to hash reads -  1.40230894089
fr -  38 , i -  2 , ind -  116 , file_name -   SRR492190.10kReads.plusSpike.CH10
reads hashed -  1000 , time to hash reads -  1.54995989799
usSpike.CH9
reads hashed -  1000 , time to hash reads -  1.41906690598
start wheel loading
file exstart wheel loading
file exists /env/cns/bigtmp1/okyrgyzo/plusSpike/LSA_k33_h30/hashed_reads/hyper
fr -  6 , i -  0 , ind -  18 , file_name -   SRR492066.10kReads.plusSpike.CH5
reads hashed -  1000 , time to hash reads -  1.41883587837
fr -  6 , i -  1 , ind -  19 , file_name -   SRR492066.10kReads.plusSpike.CH6
reads hashed -  1000 , time to hash reads -  1.37050294876
fr -  6 , i -  2 , ind -  20 , file_name -   SRR492066.10kReads.plusSpike.CH7
reads hashed -  1000 , time to hash reads -  1.30083608627
8:17 CET 2017
Date: Thu Nov 9 10:58:17 CET 2017
Total time:  .001 hours
Total time:  .001 hours
start wheel loading
file exists /env/cns/bigtmp1/okyrgyzo/plusSpike/LSA_k33_h30/hashed_reads/hyper
fr -  40 , i -  0 , ind -  120 , file_name -   SRR492190.10kReads.plusSpike.CH4
reads hashed -  1000 , time to hash reads -  1.45622897148
fr -  40 , i -  1 , ind -  121 , file_name -   SRR492190.10kReads.plusSpike.CH5
reads hashed -  1000 , time to hash reads -  1.41088294983
fr -  40 , i -  2 , ind -  122 , file_name -   SRR492190.10kReads.plusSpike.CH6
reads hashed -  1000 , time to hash reads -  1.38107991219
Date: Thu Nov 9 10:58:17 CET 2017
Total time:  .001 hours
start wheel loading
file exists /env/cns/bigtmp1/okyrgyzo/start wheel loading
filestart wheel loading
file exists /env/cns/bigtmp1/okyrgyzo/plusSpike/LSA_k33_h30/hashed_reads/hyper
fr -  4 , i -  0 , ind -  12 , file_name -   SRR492066.10kReads.plusSpike.CH0
reads hashed -  1000 , time to hash reads -  1.42488193512
fr -  4 , i -  1 , ind -  13 , file_name -   SRR492066.10kReads.plusSpike.CH1
reads hashed -  1000 , time to hash reads -  1.38229203224
fr -  4 , i -  2 , ind -  14 , file_name -   SRR492066.10kReads.plusSpike.CH10
reads hashed -  920 , time to hash reads -  1.69244003296
hours
Date: Thu Nov 9 10:58:17 CET 2017
Total time:  .001 hours
start wheel loading
file exists /env/cns/bigtmp1/okyrgyzo/plusSpike/LSA_k33_h30/hashed_reads/hyper
fr -  49 , i -  0 , ind -  147 , file_name -   SRR492192.10kReads.plusSpike.CH7
reads hashed -  1000 , time to hash reads -  1.49883294106
fr -  49 , i -  1 , ind -  148 , file_name -   SRR492192.10kReads.plusSpike.CH8
reads hashed -  1000 , time to hash reads -  1.42470598221
fr -  49 , i -  2 , ind -  149 , file_name -   SRR492192.10kReads.plusSpike.CH9
reads hashed -  1000 , time to hash reads -  1.4856159687
Date: Thu Nov 9 10:58:17 CET 2017
Total time:  .001 hours
Date: Thu Nov 9 10:58:17 CET 2017
Total time:  .001 hours
start wheel loading
file exists /env/cns/bigtmp1/okyrgyzo/plusSpike/LSA_k33_h30/hashed_reads/hyper
fr -  0 , i -  0 , ind -  0 , file_name -   SRR492065.10kReads.plusSpike.CH0
reads hashed -  1000 , time to hash reads -  1.53240919113
fr -  0 , i -  1 , ind -  1 , file_name -   SRR492065.10kReads.plusSpike.CH1
reads hashed -  1000 , time to hash reads -  1.5080280304
fr -  0 , i -  2 , ind -  2 , file_name -   SRR492065.10kReads.plusSpike.CH10
reads hashed -  1000 , time to hash reads -  1.81609392166
Date: Thu Nov 9 10:58:18 CET 2017
Total time:  .001 hours
start wheel loading
file exists /env/cns/bigtmp1/okyrgyzo/plusSpike/LSA_k33_h30/hashed_reads/hyper
fr -  2 , i -  0 , ind -  6 , file_name -   SRR492065.10kReads.plusSpike.CH4
reads hashed -  1000 , time to hash reads -  1.64874196053
fr -  2 , i -  1 , ind -  7 , file_name -   SRR492065.10kReads.plusSpike.CH5
reads hashed -  1000 , time to hash reads -  1.64492893219
fr -  2 , i -  2 , ind -  8 , file_name -   SRR492065.10kReads.plusSpike.CH6
reads hashed -  1000 , time to hash reads -  1.65664696693
Date: Thu Nov 9 10:58:18 CET 2017
Total time:  .001 hours
start wheel loading
file exists /env/cns/bigtmp1/okyrgyzo/plusSpike/LSA_k33_h30/hashed_reads/hyper
fr -  3 , i -  0 , ind -  9 , file_name -   SRR492065.10kReads.plusSpike.CH7
reads hashed -  1000 , time to hash reads -  1.83003282547
fr -  3 , i -  1 , ind -  10 , file_name -   SRR492065.10kReads.plusSpike.CH8
reads hashed -  1000 , time to hash reads -  1.75105690956
fr -  3 , i -  2 , ind -  11 , file_name -   SRR492065.10kReads.plusSpike.CH9
reads hashed -  1000 , time to hash reads -  1.71512103081
Date: Thu Nov 9 10:58:18 CET 2017
Total time:  .001 hours
